<?xml version="1.0" encoding="UTF-8"?>
<testsuite xmlns:xsi="http://www.w3.org/2001/XMLSchema-instance" xsi:noNamespaceSchemaLocation="https://maven.apache.org/surefire/maven-surefire-plugin/xsd/surefire-test-report-3.0.xsd" version="3.0" name="com.app.tennis.TennisGameTest" time="0.107" tests="5" errors="0" skipped="0" failures="1">
  <properties>
[...]
</properties>
  <testcase name="testPlayerAWinsGame" classname="com.app.tennis.TennisGameTest" time="0.095">
    <system-out><![CDATA[2024-06-15 00:43:18 INFO  TennisGame:123 - Player A : 15 / Player B : 0
2024-06-15 00:43:18 INFO  TennisGame:123 - Player A : 30 / Player B : 0
2024-06-15 00:43:18 INFO  TennisGame:123 - Player A : 40 / Player B : 0
2024-06-15 00:43:18 INFO  TennisGame:61 - Player A wins the game
2024-06-15 00:43:18 INFO  TennisGame:123 - Player A : 40 / Player B : 0
]]></system-out>
  </testcase>
  <testcase name="testInvalidPlayerInput" classname="com.app.tennis.TennisGameTest" time="0.002">
    <failure message="InvalidPlayerException should be thrown" type="java.lang.AssertionError"><![CDATA[java.lang.AssertionError: InvalidPlayerException should be thrown
	at org.junit.Assert.fail(Assert.java:89)
	at com.app.tennis.TennisGameTest.testInvalidPlayerInput(TennisGameTest.java:104)
	at java.base/jdk.internal.reflect.DirectMethodHandleAccessor.invoke(DirectMethodHandleAccessor.java:103)
	at java.base/java.lang.reflect.Method.invoke(Method.java:580)
	at org.junit.runners.model.FrameworkMethod$1.runReflectiveCall(FrameworkMethod.java:59)
	at org.junit.internal.runners.model.ReflectiveCallable.run(ReflectiveCallable.java:12)
	at org.junit.runners.model.FrameworkMethod.invokeExplosively(FrameworkMethod.java:56)
	at org.junit.internal.runners.statements.InvokeMethod.evaluate(InvokeMethod.java:17)
	at org.junit.internal.runners.statements.RunBefores.evaluate(RunBefores.java:26)
	at org.junit.runners.ParentRunner$3.evaluate(ParentRunner.java:306)
	at org.junit.runners.BlockJUnit4ClassRunner$1.evaluate(BlockJUnit4ClassRunner.java:100)
	at org.junit.runners.ParentRunner.runLeaf(ParentRunner.java:366)
	at org.junit.runners.BlockJUnit4ClassRunner.runChild(BlockJUnit4ClassRunner.java:103)
	at org.junit.runners.BlockJUnit4ClassRunner.runChild(BlockJUnit4ClassRunner.java:63)
	at org.junit.runners.ParentRunner$4.run(ParentRunner.java:331)
	at org.junit.runners.ParentRunner$1.schedule(ParentRunner.java:79)
	at org.junit.runners.ParentRunner.runChildren(ParentRunner.java:329)
	at org.junit.runners.ParentRunner.access$100(ParentRunner.java:66)
	at org.junit.runners.ParentRunner$2.evaluate(ParentRunner.java:293)
	at org.junit.runners.ParentRunner$3.evaluate(ParentRunner.java:306)
	at org.junit.runners.ParentRunner.run(ParentRunner.java:413)
	at org.apache.maven.surefire.junit4.JUnit4Provider.execute(JUnit4Provider.java:316)
	at org.apache.maven.surefire.junit4.JUnit4Provider.executeWithRerun(JUnit4Provider.java:240)
	at org.apache.maven.surefire.junit4.JUnit4Provider.executeTestSet(JUnit4Provider.java:214)
	at org.apache.maven.surefire.junit4.JUnit4Provider.invoke(JUnit4Provider.java:155)
	at org.apache.maven.surefire.booter.ForkedBooter.runSuitesInProcess(ForkedBooter.java:385)
	at org.apache.maven.surefire.booter.ForkedBooter.execute(ForkedBooter.java:162)
	at org.apache.maven.surefire.booter.ForkedBooter.run(ForkedBooter.java:507)
	at org.apache.maven.surefire.booter.ForkedBooter.main(ForkedBooter.java:495)
]]></failure>
    <system-out><![CDATA[2024-06-15 00:43:18 ERROR TennisGame:44 - Invalid player input: C
]]></system-out>
  </testcase>
  <testcase name="testDeuceAndAdvantageForPlayerA" classname="com.app.tennis.TennisGameTest" time="0.004">
    <system-out><![CDATA[2024-06-15 00:43:18 INFO  TennisGame:123 - Player A : 15 / Player B : 0
2024-06-15 00:43:18 INFO  TennisGame:123 - Player A : 15 / Player B : 15
2024-06-15 00:43:18 INFO  TennisGame:123 - Player A : 30 / Player B : 15
2024-06-15 00:43:18 INFO  TennisGame:123 - Player A : 30 / Player B : 30
2024-06-15 00:43:18 INFO  TennisGame:123 - Player A : 40 / Player B : 30
2024-06-15 00:43:18 INFO  TennisGame:120 - Player A : 40 / Player B : 40 (Deuce)
2024-06-15 00:43:18 INFO  TennisGame:116 - Player A : ADV / Player B : 40
2024-06-15 00:43:18 INFO  TennisGame:54 - Player A wins the game
2024-06-15 00:43:18 INFO  TennisGame:116 - Player A : ADV / Player B : 40
]]></system-out>
  </testcase>
  <testcase name="testDeuceAndAdvantageForPlayerB" classname="com.app.tennis.TennisGameTest" time="0.002">
    <system-out><![CDATA[2024-06-15 00:43:18 INFO  TennisGame:123 - Player A : 15 / Player B : 0
2024-06-15 00:43:18 INFO  TennisGame:123 - Player A : 15 / Player B : 15
2024-06-15 00:43:18 INFO  TennisGame:123 - Player A : 30 / Player B : 15
2024-06-15 00:43:18 INFO  TennisGame:123 - Player A : 30 / Player B : 30
2024-06-15 00:43:18 INFO  TennisGame:123 - Player A : 40 / Player B : 30
2024-06-15 00:43:18 INFO  TennisGame:120 - Player A : 40 / Player B : 40 (Deuce)
2024-06-15 00:43:18 INFO  TennisGame:118 - Player A : 40 / Player B : ADV
2024-06-15 00:43:18 INFO  TennisGame:73 - Player B wins the game
2024-06-15 00:43:18 INFO  TennisGame:118 - Player A : 40 / Player B : ADV
]]></system-out>
  </testcase>
  <testcase name="testPlayerBWinsGame" classname="com.app.tennis.TennisGameTest" time="0.001">
    <system-out><![CDATA[2024-06-15 00:43:18 INFO  TennisGame:123 - Player A : 0 / Player B : 15
2024-06-15 00:43:18 INFO  TennisGame:123 - Player A : 0 / Player B : 30
2024-06-15 00:43:18 INFO  TennisGame:123 - Player A : 0 / Player B : 40
2024-06-15 00:43:18 INFO  TennisGame:80 - Player B wins the game
2024-06-15 00:43:18 INFO  TennisGame:123 - Player A : 0 / Player B : 40
]]></system-out>
  </testcase>
</testsuite>